[debug] [2023-05-09T22:52:53.207Z] ----------------------------------------------------------------------
[debug] [2023-05-09T22:52:53.209Z] Command:       /home/taci/.nvm/versions/node/v18.12.1/bin/node /home/taci/.nvm/versions/node/v18.12.1/bin/firebase projects:create ownotes --json
[debug] [2023-05-09T22:52:53.209Z] CLI Version:   12.0.0
[debug] [2023-05-09T22:52:53.210Z] Platform:      linux
[debug] [2023-05-09T22:52:53.210Z] Node Version:  v18.12.1
[debug] [2023-05-09T22:52:53.210Z] Time:          Tue May 09 2023 19:52:53 GMT-0300 (Argentina Standard Time)
[debug] [2023-05-09T22:52:53.210Z] ----------------------------------------------------------------------
[debug] 
[debug] [2023-05-09T22:52:53.219Z] > command requires scopes: ["email","openid","https://www.googleapis.com/auth/cloudplatformprojects.readonly","https://www.googleapis.com/auth/firebase","https://www.googleapis.com/auth/cloud-platform"]
[debug] [2023-05-09T22:52:53.219Z] > authorizing via signed-in user (taciano3003@gmail.com)
[debug] [2023-05-09T22:52:53.225Z] >>> [apiv2][query] POST https://cloudresourcemanager.googleapis.com/v1/projects [none]
[debug] [2023-05-09T22:52:53.225Z] >>> [apiv2][body] POST https://cloudresourcemanager.googleapis.com/v1/projects {"projectId":"ownotes","name":"ownotes"}
[debug] [2023-05-09T22:52:54.522Z] <<< [apiv2][status] POST https://cloudresourcemanager.googleapis.com/v1/projects 409
[debug] [2023-05-09T22:52:54.523Z] <<< [apiv2][body] POST https://cloudresourcemanager.googleapis.com/v1/projects {"error":{"code":409,"message":"Requested entity already exists","status":"ALREADY_EXISTS"}}
[debug] [2023-05-09T22:52:54.649Z] FirebaseError: HTTP Error: 409, Requested entity already exists
    at responseToError (/home/taci/.nvm/versions/node/v18.12.1/lib/node_modules/firebase-tools/lib/responseToError.js:49:12)
    at RetryOperation._fn (/home/taci/.nvm/versions/node/v18.12.1/lib/node_modules/firebase-tools/lib/apiv2.js:288:77)
    at process.processTicksAndRejections (node:internal/process/task_queues:95:5)
[error] 
[error] Error: Failed to create project because there is already a project with ID ownotes. Please try again with a unique project ID.
